[debug] [2024-03-17T11:18:36.896Z] ----------------------------------------------------------------------
[debug] [2024-03-17T11:18:36.899Z] Command:       C:\Program Files\nodejs\node.exe C:\Users\khari\AppData\Roaming\npm\node_modules\firebase-tools\lib\bin\firebase.js init
[debug] [2024-03-17T11:18:36.899Z] CLI Version:   13.5.1
[debug] [2024-03-17T11:18:36.899Z] Platform:      win32
[debug] [2024-03-17T11:18:36.899Z] Node Version:  v20.1.0
[debug] [2024-03-17T11:18:36.899Z] Time:          Sun Mar 17 2024 16:48:36 GMT+0530 (India Standard Time)
[debug] [2024-03-17T11:18:36.899Z] ----------------------------------------------------------------------
[debug] 
[debug] [2024-03-17T11:18:36.907Z] > command requires scopes: ["email","openid","https://www.googleapis.com/auth/cloudplatformprojects.readonly","https://www.googleapis.com/auth/firebase","https://www.googleapis.com/auth/cloud-platform"]
[debug] [2024-03-17T11:18:36.908Z] > authorizing via signed-in user (kharish1237@gmail.com)
[info] 
     ######## #### ########  ######## ########     ###     ######  ########
     ##        ##  ##     ## ##       ##     ##  ##   ##  ##       ##
     ######    ##  ########  ######   ########  #########  ######  ######
     ##        ##  ##    ##  ##       ##     ## ##     ##       ## ##
     ##       #### ##     ## ######## ########  ##     ##  ######  ########

You're about to initialize a Firebase project in this directory:

  C:\Users\khari\OneDrive\Documents\workspace\symposium

[info] 
=== Project Setup
[info] 
[info] First, let's associate this project directory with a Firebase project.
[info] You can create multiple project aliases by running firebase use --add, 
[info] but for now we'll just set up a default project.
[info] 
[debug] [2024-03-17T11:19:19.567Z] >>> [apiv2][query] GET https://firebase.googleapis.com/v1beta1/projects pageSize=100
[debug] [2024-03-17T11:19:30.081Z] *** [apiv2] error from fetch(https://firebase.googleapis.com/v1beta1/projects?pageSize=100, {"headers":{},"method":"GET","signal":{}}): FetchError: request to https://firebase.googleapis.com/v1beta1/projects?pageSize=100 failed, reason: socket hang up
[debug] [2024-03-17T11:19:30.082Z] Failed to make request to https://firebase.googleapis.com/v1beta1/projects?pageSize=100
[debug] [2024-03-17T11:19:31.423Z] FirebaseError: Failed to make request to https://firebase.googleapis.com/v1beta1/projects?pageSize=100
    at RetryOperation._fn (C:\Users\khari\AppData\Roaming\npm\node_modules\firebase-tools\lib\apiv2.js:251:31)
    at process.processTicksAndRejections (node:internal/process/task_queues:95:5)
[error] 
[error] Error: Failed to list Firebase projects. See firebase-debug.log for more info.
[debug] [2024-03-17T11:22:27.285Z] ----------------------------------------------------------------------
[debug] [2024-03-17T11:22:27.287Z] Command:       C:\Program Files\nodejs\node.exe C:\Users\khari\AppData\Roaming\npm\node_modules\firebase-tools\lib\bin\firebase.js init
[debug] [2024-03-17T11:22:27.288Z] CLI Version:   13.5.1
[debug] [2024-03-17T11:22:27.288Z] Platform:      win32
[debug] [2024-03-17T11:22:27.288Z] Node Version:  v20.1.0
[debug] [2024-03-17T11:22:27.288Z] Time:          Sun Mar 17 2024 16:52:27 GMT+0530 (India Standard Time)
[debug] [2024-03-17T11:22:27.288Z] ----------------------------------------------------------------------
[debug] 
[debug] [2024-03-17T11:22:27.294Z] > command requires scopes: ["email","openid","https://www.googleapis.com/auth/cloudplatformprojects.readonly","https://www.googleapis.com/auth/firebase","https://www.googleapis.com/auth/cloud-platform"]
[debug] [2024-03-17T11:22:27.294Z] > authorizing via signed-in user (kharish1237@gmail.com)
[info] 
     ######## #### ########  ######## ########     ###     ######  ########
     ##        ##  ##     ## ##       ##     ##  ##   ##  ##       ##
     ######    ##  ########  ######   ########  #########  ######  ######
     ##        ##  ##    ##  ##       ##     ## ##     ##       ## ##
     ##       #### ##     ## ######## ########  ##     ##  ######  ########

You're about to initialize a Firebase project in this directory:

  C:\Users\khari\OneDrive\Documents\workspace\symposium

[info] 
=== Project Setup
[info] 
[info] First, let's associate this project directory with a Firebase project.
[info] You can create multiple project aliases by running firebase use --add, 
[info] but for now we'll just set up a default project.
[info] 
[debug] [2024-03-17T11:22:56.679Z] >>> [apiv2][query] GET https://firebase.googleapis.com/v1beta1/projects pageSize=100
[debug] [2024-03-17T11:22:58.010Z] <<< [apiv2][status] GET https://firebase.googleapis.com/v1beta1/projects 200
[debug] [2024-03-17T11:22:58.010Z] <<< [apiv2][body] GET https://firebase.googleapis.com/v1beta1/projects [omitted]
[info] i  Using project technova2k24-2003 (TechNova2k24) 
[info] 
=== Hosting Setup
[debug] [2024-03-17T11:23:05.893Z] >>> [apiv2][query] GET https://firebase.googleapis.com/v1beta1/projects/technova2k24-2003 [none]
[debug] [2024-03-17T11:23:06.803Z] <<< [apiv2][status] GET https://firebase.googleapis.com/v1beta1/projects/technova2k24-2003 200
[debug] [2024-03-17T11:23:06.803Z] <<< [apiv2][body] GET https://firebase.googleapis.com/v1beta1/projects/technova2k24-2003 {"projectId":"technova2k24-2003","projectNumber":"790287004534","displayName":"TechNova2k24","name":"projects/technova2k24-2003","resources":{"hostingSite":"technova2k24-2003"},"state":"ACTIVE","etag":"1_00085622-0cfc-4b83-9f5b-87b7f166eed9"}
[info] 
[info] Your public directory is the folder (relative to your project directory) that
[info] will contain Hosting assets to be uploaded with firebase deploy. If you
[info] have a build process for your assets, use your build's output directory.
[info] 
[debug] [2024-03-17T11:24:15.624Z] >>> [apiv2][query] GET https://www.gstatic.com/firebasejs/releases.json [none]
[debug] [2024-03-17T11:24:21.946Z] <<< [apiv2][status] GET https://www.gstatic.com/firebasejs/releases.json 200
[debug] [2024-03-17T11:24:21.947Z] <<< [apiv2][body] GET https://www.gstatic.com/firebasejs/releases.json {"current":{"version":"10.9.0","browserURL":"https://www.gstatic.com/firebasejs/10.9.0/firebase.js","packageURL":"https://www.gstatic.com/firebasejs/10.9.0/firebase.tgz"},"live":{"version":"10.9","browserURL":"https://www.gstatic.com/firebasejs/live/10.9/firebase.js","packageURL":"https://www.gstatic.com/firebasejs/live/10.9/firebase.tgz"},"components":{"analytics":"https://www.gstatic.com/firebasejs/10.9.0/firebase-analytics.js","app":"https://www.gstatic.com/firebasejs/10.9.0/firebase-app.js","app-check":"https://www.gstatic.com/firebasejs/10.9.0/firebase-app-check.js","auth":"https://www.gstatic.com/firebasejs/10.9.0/firebase-auth.js","auth/cordova":"https://www.gstatic.com/firebasejs/10.9.0/firebase-auth/cordova.js","auth/web-extension":"https://www.gstatic.com/firebasejs/10.9.0/firebase-auth/web-extension.js","functions":"https://www.gstatic.com/firebasejs/10.9.0/firebase-functions.js","firestore":"https://www.gstatic.com/firebasejs/10.9.0/firebase-firestore.js","firestore/lite":"https://www.gstatic.com/firebasejs/10.9.0/firebase-firestore/lite.js","installations":"https://www.gstatic.com/firebasejs/10.9.0/firebase-installations.js","storage":"https://www.gstatic.com/firebasejs/10.9.0/firebase-storage.js","performance":"https://www.gstatic.com/firebasejs/10.9.0/firebase-performance.js","remote-config":"https://www.gstatic.com/firebasejs/10.9.0/firebase-remote-config.js","messaging":"https://www.gstatic.com/firebasejs/10.9.0/firebase-messaging.js","messaging/sw":"https://www.gstatic.com/firebasejs/10.9.0/firebase-messaging/sw.js","database":"https://www.gstatic.com/firebasejs/10.9.0/firebase-database.js","firestore.memory":"https://www.gstatic.com/firebasejs/10.9.0/firebase-firestore.memory.js"}}
[info] +  Wrote public/index.html 
[info] 
[info] i  Detected a .git folder at C:\Users\khari 
[info] i  Authorizing with GitHub to upload your service account to a GitHub repository's secrets store. 
[info] 
[info] Visit this URL on this device to log in:
[info] https://github.com/login/oauth/authorize?client_id=89cf50f02ac6aaed3484&state=714203643&redirect_uri=http%3A%2F%2Flocalhost%3A9005&scope=read%3Auser%20repo%20public_repo
[info] 
[info] Waiting for authentication...
[debug] [2024-03-17T11:25:08.164Z] >>> [apiv2][query] POST https://github.com/login/oauth/access_token [none]
[debug] [2024-03-17T11:25:08.165Z] >>> [apiv2][body] POST https://github.com/login/oauth/access_token [stream]
[debug] [2024-03-17T11:25:09.533Z] <<< [apiv2][status] POST https://github.com/login/oauth/access_token 200
[debug] [2024-03-17T11:25:09.534Z] <<< [apiv2][body] POST https://github.com/login/oauth/access_token {"access_token":"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","token_type":"bearer","scope":"read:user,repo"}
[debug] [2024-03-17T11:25:09.544Z] >>> [apiv2][query] GET https://api.github.com/user [none]
[debug] [2024-03-17T11:25:10.204Z] <<< [apiv2][status] GET https://api.github.com/user 200
[debug] [2024-03-17T11:25:10.205Z] <<< [apiv2][body] GET https://api.github.com/user {"login":"kharizz7","id":116253531,"node_id":"U_kgDOBu3jWw","avatar_url":"https://avatars.githubusercontent.com/u/116253531?v=4","gravatar_id":"","url":"https://api.github.com/users/kharizz7","html_url":"https://github.com/kharizz7","followers_url":"https://api.github.com/users/kharizz7/followers","following_url":"https://api.github.com/users/kharizz7/following{/other_user}","gists_url":"https://api.github.com/users/kharizz7/gists{/gist_id}","starred_url":"https://api.github.com/users/kharizz7/starred{/owner}{/repo}","subscriptions_url":"https://api.github.com/users/kharizz7/subscriptions","organizations_url":"https://api.github.com/users/kharizz7/orgs","repos_url":"https://api.github.com/users/kharizz7/repos","events_url":"https://api.github.com/users/kharizz7/events{/privacy}","received_events_url":"https://api.github.com/users/kharizz7/received_events","type":"User","site_admin":false,"name":null,"company":null,"blog":"","location":null,"email":null,"hireable":null,"bio":null,"twitter_username":null,"public_repos":1,"public_gists":0,"followers":1,"following":2,"created_at":"2022-10-20T06:30:49Z","updated_at":"2024-03-17T11:24:59Z","private_gists":0,"total_private_repos":1,"owned_private_repos":1,"disk_usage":3129,"collaborators":1,"two_factor_authentication":false,"plan":{"name":"free","space":976562499,"collaborators":0,"private_repos":10000}}
[info] 
[info] +  Success! Logged into GitHub as kharizz7 
[info] 
